<?xml version="1.0" encoding="UTF-8"?>
<!-- Generated by org.testng.reporters.JUnitReportReporter -->
<testsuite hostname="RupeshLappy" name="TestRunner.amazonTestRunner" tests="1" failures="0" timestamp="21 Apr 2020 10:18:30 GMT" time="25.142" errors="0">
  <testcase name="feature" time="25.142" classname="TestRunner.amazonTestRunner"/>
</testsuite> <!-- TestRunner.amazonTestRunner -->
