<?xml version="1.0" encoding="UTF-8"?>
<!-- Generated by org.testng.reporters.JUnitReportReporter -->
<testsuite hostname="RupeshLappy" name="TestRunner.amazonTestRunner" tests="1" failures="0" timestamp="16 Jun 2020 16:13:29 GMT" time="25.719" errors="0">
  <testcase name="feature" time="25.719" classname="TestRunner.amazonTestRunner"/>
</testsuite> <!-- TestRunner.amazonTestRunner -->
